c:\users\yousef\source\repos\market_pds\market_pds\x64\debug\vc143.pdb
c:\users\yousef\source\repos\market_pds\market_pds\x64\debug\vc143.idb
c:\users\yousef\source\repos\market_pds\market_pds\x64\debug\sorting.obj
c:\users\yousef\source\repos\market_pds\market_pds\x64\debug\sellermanager.obj
c:\users\yousef\source\repos\market_pds\market_pds\x64\debug\seller.obj
c:\users\yousef\source\repos\market_pds\market_pds\x64\debug\screen.obj
c:\users\yousef\source\repos\market_pds\market_pds\x64\debug\registration.obj
c:\users\yousef\source\repos\market_pds\market_pds\x64\debug\productmanager.obj
c:\users\yousef\source\repos\market_pds\market_pds\x64\debug\product.obj
c:\users\yousef\source\repos\market_pds\market_pds\x64\debug\person.obj
c:\users\yousef\source\repos\market_pds\market_pds\x64\debug\parser.obj
c:\users\yousef\source\repos\market_pds\market_pds\x64\debug\market_pds.obj
c:\users\yousef\source\repos\market_pds\market_pds\x64\debug\filemanager.obj
c:\users\yousef\source\repos\market_pds\market_pds\x64\debug\customermanager.obj
c:\users\yousef\source\repos\market_pds\market_pds\x64\debug\customer.obj
c:\users\yousef\source\repos\market_pds\market_pds\x64\debug\cartmanager.obj
c:\users\yousef\source\repos\market_pds\market_pds\x64\debug\cart.obj
c:\users\yousef\source\repos\market_pds\x64\debug\market_pds.exe
c:\users\yousef\source\repos\market_pds\market_pds\x64\debug\market_pds.ilk
c:\users\yousef\source\repos\market_pds\x64\debug\market_pds.pdb
c:\users\yousef\source\repos\market_pds\market_pds\x64\debug\market_pds.tlog\cl.command.1.tlog
c:\users\yousef\source\repos\market_pds\market_pds\x64\debug\market_pds.tlog\cl.read.1.tlog
c:\users\yousef\source\repos\market_pds\market_pds\x64\debug\market_pds.tlog\cl.write.1.tlog
c:\users\yousef\source\repos\market_pds\market_pds\x64\debug\market_pds.tlog\link.command.1.tlog
c:\users\yousef\source\repos\market_pds\market_pds\x64\debug\market_pds.tlog\link.read.1.tlog
c:\users\yousef\source\repos\market_pds\market_pds\x64\debug\market_pds.tlog\link.write.1.tlog
